<?xml version="1.0" encoding="UTF-8"?>
<!-- Generated by org.testng.reporters.JUnitXMLReporter -->
<testsuite ignored="0" hostname="DESKTOP-35QI2EL" failures="0" tests="4" name="Test" time="55.857" errors="0" timestamp="2024-09-06T17:39:01 IST">
  <testcase classname="airlineTest.Launch_Quit2" name="@BeforeMethod launch" time="14.731">
    <failure type="java.lang.NullPointerException" message="Cannot invoke &amp;quot;org.openqa.selenium.chrome.ChromeDriver.get(String)&amp;quot; because &amp;quot;airlineTest.Launch_Quit2.driver&amp;quot; is null">
      <![CDATA[java.lang.NullPointerException: Cannot invoke "org.openqa.selenium.chrome.ChromeDriver.get(String)" because "airlineTest.Launch_Quit2.driver" is null
at airlineTest.Launch_Quit2.launch(Launch_Quit2.java:33)
at java.base/java.util.ArrayList.forEach(ArrayList.java:1511)
... Removed 31 stack frames]]>
    </failure>
  </testcase> <!-- @BeforeMethod launch -->
  <testcase classname="airlineTest.Launch_Quit2" name="@AfterMethod post1" time="-1.725624500221E9">
    <skipped/>
  </testcase> <!-- @AfterMethod post1 -->
  <testcase classname="airlineTest.Launch_Quit2" name="@BeforeMethod launch" time="24.187">
    <failure type="java.lang.NullPointerException" message="Cannot invoke &amp;quot;org.openqa.selenium.chrome.ChromeDriver.get(String)&amp;quot; because &amp;quot;airlineTest.Launch_Quit2.driver&amp;quot; is null">
      <![CDATA[java.lang.NullPointerException: Cannot invoke "org.openqa.selenium.chrome.ChromeDriver.get(String)" because "airlineTest.Launch_Quit2.driver" is null
at airlineTest.Launch_Quit2.launch(Launch_Quit2.java:33)
at java.base/java.util.ArrayList.forEach(ArrayList.java:1511)
... Removed 31 stack frames]]>
    </failure>
  </testcase> <!-- @BeforeMethod launch -->
  <testcase classname="airlineTest.Launch_Quit2" name="@AfterMethod post1" time="-1.725624524447E9">
    <skipped/>
  </testcase> <!-- @AfterMethod post1 -->
  <testcase classname="airlineTest.Launch_Quit2" name="@BeforeMethod launch" time="8.04">
    <failure type="java.lang.NullPointerException" message="Cannot invoke &amp;quot;org.openqa.selenium.chrome.ChromeDriver.get(String)&amp;quot; because &amp;quot;airlineTest.Launch_Quit2.driver&amp;quot; is null">
      <![CDATA[java.lang.NullPointerException: Cannot invoke "org.openqa.selenium.chrome.ChromeDriver.get(String)" because "airlineTest.Launch_Quit2.driver" is null
at airlineTest.Launch_Quit2.launch(Launch_Quit2.java:33)
at java.base/java.util.ArrayList.forEach(ArrayList.java:1511)
... Removed 31 stack frames]]>
    </failure>
  </testcase> <!-- @BeforeMethod launch -->
  <testcase classname="airlineTest.Launch_Quit2" name="@AfterMethod post1" time="-1.725624532516E9">
    <skipped/>
  </testcase> <!-- @AfterMethod post1 -->
  <testcase classname="airlineTest.Launch_Quit2" name="@BeforeMethod launch" time="8.666">
    <failure type="java.lang.NullPointerException" message="Cannot invoke &amp;quot;org.openqa.selenium.chrome.ChromeDriver.get(String)&amp;quot; because &amp;quot;airlineTest.Launch_Quit2.driver&amp;quot; is null">
      <![CDATA[java.lang.NullPointerException: Cannot invoke "org.openqa.selenium.chrome.ChromeDriver.get(String)" because "airlineTest.Launch_Quit2.driver" is null
at airlineTest.Launch_Quit2.launch(Launch_Quit2.java:33)
at java.base/java.util.ArrayList.forEach(ArrayList.java:1511)
... Removed 31 stack frames]]>
    </failure>
  </testcase> <!-- @BeforeMethod launch -->
  <testcase classname="airlineTest.Launch_Quit2" name="@AfterMethod post1" time="-1.725624541216E9">
    <skipped/>
  </testcase> <!-- @AfterMethod post1 -->
  <testcase classname="airlineTest.Testcase2_Login" name="login1" time="0.0">
    <skipped/>
  </testcase> <!-- login1 -->
  <testcase classname="airlineTest.Testcase7_bookseat" name="bookingseat" time="0.0">
    <skipped/>
  </testcase> <!-- bookingseat -->
  <testcase classname="airlineTest.Testcase9_multiple" name="mutilpeTraveller" time="0.0">
    <skipped/>
  </testcase> <!-- mutilpeTraveller -->
  <testcase classname="airlineTest.TestCase_Logout" name="oneway" time="0.0">
    <skipped/>
  </testcase> <!-- oneway -->
</testsuite> <!-- Test -->
